<?xml version="1.0" encoding="UTF-8"?>
<!-- Generated by org.testng.reporters.JUnitReportReporter -->
<testsuite skipped="0" hostname="LAPTOP-JEI8AS0O" name="testcases.TestDashboard" tests="3" failures="0" timestamp="2020-03-28T15:03:34 EDT" time="2.246" errors="0">
  <testcase name="TC005" time="0.167" classname="testcases.TestDashboard"/>
  <system-out/>
  <testcase name="TC004" time="0.455" classname="testcases.TestDashboard"/>
  <system-out/>
  <testcase name="TC003" time="1.624" classname="testcases.TestDashboard"/>
  <system-out/>
</testsuite> <!-- testcases.TestDashboard -->
