<?xml version="1.0" encoding="UTF-8"?>
<!-- Generated by org.testng.reporters.JUnitReportReporter -->
<testsuite skipped="0" hostname="LAPTOP-JEI8AS0O" name="testcases.NewTest" tests="2" failures="0" timestamp="2020-03-28T15:03:34 EDT" time="25.199" errors="0">
  <testcase name="TC002" time="18.499" classname="testcases.NewTest"/>
  <system-out/>
  <testcase name="TC001" time="6.700" classname="testcases.NewTest"/>
  <system-out/>
</testsuite> <!-- testcases.NewTest -->
